Command line:
   router_top_tb_isim_beh.exe
     -simmode  gui
     -simrunnum  0
     -socket  59973

Thu May  9 16:19:43 2024


 Elaboration Time: 0.02 sec

 Current Memory Usage: 184.021 Meg

 Total Signals          : 136
 Total Nets             : 89
 Total Signal Drivers   : 41
 Total Blocks           : 14
 Total Primitive Blocks : 12
 Total Processes        : 68
 Total Traceable Variables  : 87
 Total Scalar Nets and Variables : 1023
Total Line Count : 508

 Total Simulation Time: 0.07 sec

 Current Memory Usage: 259.523 Meg

Thu May  9 17:10:26 2024

