ISim log file
Running: /home/suhaas/Documents/Verilog_labs/Router-1x3-Design/router_project/router_top_tb_isim_beh.exe -intstyle ise -gui -tclbatch isim.cmd -wdb /home/suhaas/Documents/Verilog_labs/Router-1x3-Design/router_project/router_top_tb_isim_beh.wdb 
ISim P.20131013 (signature 0xfbc00daa)
WARNING: A WEBPACK license was found.
WARNING: Please use Xilinx License Configuration Manager to check out a full ISim license.
WARNING: ISim will run in Lite mode. Please refer to the ISim documentation for more information on the differences between the Lite and the Full version.
This is a Lite version of ISim.
Time resolution is 1 ps
# onerror resume
# wave add /
# run 1000 ns
Simulator is doing circuit initialization process.
Finished circuit initialization process.
Stopped at time : 300 ns : File "/home/suhaas/Documents/Verilog_labs/Router-1x3-Design/TB/router_top_tb.v" Line 168
ISim P.20131013 (signature 0xfbc00daa)
WARNING: A WEBPACK license was found.
WARNING: Please use Xilinx License Configuration Manager to check out a full ISim license.
WARNING: ISim will run in Lite mode. Please refer to the ISim documentation for more information on the differences between the Lite and the Full version.
This is a Lite version of ISim.
# run 1000 ns
Simulator is doing circuit initialization process.
Finished circuit initialization process.
Stopped at time : 300 ns : File "/home/suhaas/Documents/Verilog_labs/Router-1x3-Design/TB/router_top_tb.v" Line 168
ISim P.20131013 (signature 0xfbc00daa)
WARNING: A WEBPACK license was found.
WARNING: Please use Xilinx License Configuration Manager to check out a full ISim license.
WARNING: ISim will run in Lite mode. Please refer to the ISim documentation for more information on the differences between the Lite and the Full version.
This is a Lite version of ISim.
# run 1000 ns
Simulator is doing circuit initialization process.
Finished circuit initialization process.
Stopped at time : 300 ns : File "/home/suhaas/Documents/Verilog_labs/Router-1x3-Design/TB/router_top_tb.v" Line 168
ISim P.20131013 (signature 0xfbc00daa)
WARNING: A WEBPACK license was found.
WARNING: Please use Xilinx License Configuration Manager to check out a full ISim license.
WARNING: ISim will run in Lite mode. Please refer to the ISim documentation for more information on the differences between the Lite and the Full version.
This is a Lite version of ISim.
# run 1000 ns
Simulator is doing circuit initialization process.
Finished circuit initialization process.
Stopped at time : 300 ns : File "/home/suhaas/Documents/Verilog_labs/Router-1x3-Design/TB/router_top_tb.v" Line 168
# exit 0
