Release 14.7 - xst P.20131013 (lin64)
Copyright (c) 1995-2013 Xilinx, Inc.  All rights reserved.
--> 
Parameter TMPDIR set to xst/projnav.tmp


Total REAL time to Xst completion: 0.00 secs
Total CPU time to Xst completion: 0.07 secs
 
--> 
Parameter xsthdpdir set to xst


Total REAL time to Xst completion: 0.00 secs
Total CPU time to Xst completion: 0.07 secs
 
--> 
Reading design: router_reg.prj

TABLE OF CONTENTS
  1) Synthesis Options Summary
  2) HDL Parsing
  3) HDL Elaboration
  4) HDL Synthesis
       4.1) HDL Synthesis Report
  5) Advanced HDL Synthesis
       5.1) Advanced HDL Synthesis Report
  6) Low Level Synthesis
  7) Partition Report
  8) Design Summary
       8.1) Primitive and Black Box Usage
       8.2) Device utilization summary
       8.3) Partition Resource Summary
       8.4) Timing Report
            8.4.1) Clock Information
            8.4.2) Asynchronous Control Signals Information
            8.4.3) Timing Summary
            8.4.4) Timing Details
            8.4.5) Cross Clock Domains Report


=========================================================================
*                      Synthesis Options Summary                        *
=========================================================================
---- Source Parameters
Input File Name                    : "router_reg.prj"
Ignore Synthesis Constraint File   : NO

---- Target Parameters
Output File Name                   : "router_reg"
Output Format                      : NGC
Target Device                      : xc6slx16-2-csg324

---- Source Options
Top Module Name                    : router_reg
Automatic FSM Extraction           : YES
FSM Encoding Algorithm             : Auto
Safe Implementation                : No
FSM Style                          : LUT
RAM Extraction                     : Yes
RAM Style                          : Auto
ROM Extraction                     : Yes
Shift Register Extraction          : YES
ROM Style                          : Auto
Resource Sharing                   : YES
Asynchronous To Synchronous        : NO
Shift Register Minimum Size        : 2
Use DSP Block                      : Auto
Automatic Register Balancing       : No

---- Target Options
LUT Combining                      : Auto
Reduce Control Sets                : Auto
Add IO Buffers                     : YES
Global Maximum Fanout              : 100000
Add Generic Clock Buffer(BUFG)     : 16
Register Duplication               : YES
Optimize Instantiated Primitives   : NO
Use Clock Enable                   : Auto
Use Synchronous Set                : Auto
Use Synchronous Reset              : Auto
Pack IO Registers into IOBs        : Auto
Equivalent register Removal        : YES

---- General Options
Optimization Goal                  : Speed
Optimization Effort                : 1
Power Reduction                    : NO
Keep Hierarchy                     : No
Netlist Hierarchy                  : As_Optimized
RTL Output                         : Yes
Global Optimization                : AllClockNets
Read Cores                         : YES
Write Timing Constraints           : NO
Cross Clock Analysis               : NO
Hierarchy Separator                : /
Bus Delimiter                      : <>
Case Specifier                     : Maintain
Slice Utilization Ratio            : 100
BRAM Utilization Ratio             : 100
DSP48 Utilization Ratio            : 100
Auto BRAM Packing                  : NO
Slice Utilization Ratio Delta      : 5

=========================================================================


=========================================================================
*                          HDL Parsing                                  *
=========================================================================
Analyzing Verilog file "/home/suhaas/Documents/Verilog_labs/Router-1x3-Design/RTL/router_reg.v" into library work
Parsing module <router_reg>.

=========================================================================
*                            HDL Elaboration                            *
=========================================================================

Elaborating module <router_reg>.

=========================================================================
*                           HDL Synthesis                               *
=========================================================================

Synthesizing Unit <router_reg>.
    Related source file is "/home/suhaas/Documents/Verilog_labs/Router-1x3-Design/RTL/router_reg.v".
    Found 8-bit register for signal <header>.
    Found 8-bit register for signal <int_reg>.
    Found 1-bit register for signal <low_pkt_valid>.
    Found 1-bit register for signal <parity_done>.
    Found 8-bit register for signal <int_parity>.
    Found 1-bit register for signal <err>.
    Found 8-bit register for signal <ext_parity>.
    Found 8-bit register for signal <dout>.
    Found 8-bit comparator not equal for signal <int_parity[7]_ext_parity[7]_equal_30_o> created at line 167
    Summary:
	inferred  43 D-type flip-flop(s).
	inferred   1 Comparator(s).
	inferred   3 Multiplexer(s).
Unit <router_reg> synthesized.

=========================================================================
HDL Synthesis Report

Macro Statistics
# Registers                                            : 8
 1-bit register                                        : 3
 8-bit register                                        : 5
# Comparators                                          : 1
 8-bit comparator not equal                            : 1
# Multiplexers                                         : 3
 8-bit 2-to-1 multiplexer                              : 3
# Xors                                                 : 2
 8-bit xor2                                            : 2

=========================================================================

=========================================================================
*                       Advanced HDL Synthesis                          *
=========================================================================


=========================================================================
Advanced HDL Synthesis Report

Macro Statistics
# Registers                                            : 43
 Flip-Flops                                            : 43
# Comparators                                          : 1
 8-bit comparator not equal                            : 1
# Multiplexers                                         : 10
 1-bit 2-to-1 multiplexer                              : 8
 8-bit 2-to-1 multiplexer                              : 2
# Xors                                                 : 2
 8-bit xor2                                            : 2

=========================================================================

=========================================================================
*                         Low Level Synthesis                           *
=========================================================================

Optimizing unit <router_reg> ...

Mapping all equations...
Building and optimizing final netlist ...
Found area constraint ratio of 100 (+ 5) on block router_reg, actual ratio is 0.

Final Macro Processing ...

=========================================================================
Final Register Report

Macro Statistics
# Registers                                            : 43
 Flip-Flops                                            : 43

=========================================================================

=========================================================================
*                           Partition Report                            *
=========================================================================

Partition Implementation Status
-------------------------------

  No Partitions were found in this design.

-------------------------------

=========================================================================
*                            Design Summary                             *
=========================================================================

Top Level Output File Name         : router_reg.ngc

Primitive and Black Box Usage:
------------------------------
# BELS                             : 31
#      INV                         : 1
#      LUT2                        : 3
#      LUT4                        : 3
#      LUT5                        : 11
#      LUT6                        : 13
# FlipFlops/Latches                : 43
#      FDR                         : 3
#      FDRE                        : 40
# Clock Buffers                    : 1
#      BUFGP                       : 1
# IO Buffers                       : 28
#      IBUF                        : 17
#      OBUF                        : 11

Device utilization summary:
---------------------------

Selected Device : 6slx16csg324-2 


Slice Logic Utilization: 
 Number of Slice Registers:              43  out of  18224     0%  
 Number of Slice LUTs:                   31  out of   9112     0%  
    Number used as Logic:                31  out of   9112     0%  

Slice Logic Distribution: 
 Number of LUT Flip Flop pairs used:     51
   Number with an unused Flip Flop:       8  out of     51    15%  
   Number with an unused LUT:            20  out of     51    39%  
   Number of fully used LUT-FF pairs:    23  out of     51    45%  
   Number of unique control sets:         7

IO Utilization: 
 Number of IOs:                          29
 Number of bonded IOBs:                  29  out of    232    12%  

Specific Feature Utilization:
 Number of BUFG/BUFGCTRLs:                1  out of     16     6%  

---------------------------
Partition Resource Summary:
---------------------------

  No Partitions were found in this design.

---------------------------


=========================================================================
Timing Report

NOTE: THESE TIMING NUMBERS ARE ONLY A SYNTHESIS ESTIMATE.
      FOR ACCURATE TIMING INFORMATION PLEASE REFER TO THE TRACE REPORT
      GENERATED AFTER PLACE-and-ROUTE.

Clock Information:
------------------
-----------------------------------+------------------------+-------+
Clock Signal                       | Clock buffer(FF name)  | Load  |
-----------------------------------+------------------------+-------+
clock                              | BUFGP                  | 43    |
-----------------------------------+------------------------+-------+

Asynchronous Control Signals Information:
----------------------------------------
No asynchronous control signals found in this design

Timing Summary:
---------------
Speed Grade: -2

   Minimum period: 3.154ns (Maximum Frequency: 317.058MHz)
   Minimum input arrival time before clock: 5.826ns
   Maximum output required time after clock: 4.240ns
   Maximum combinational path delay: No path found

Timing Details:
---------------
All values displayed in nanoseconds (ns)

=========================================================================
Timing constraint: Default period analysis for Clock 'clock'
  Clock period: 3.154ns (frequency: 317.058MHz)
  Total number of paths / destination ports: 72 / 28
-------------------------------------------------------------------------
Delay:               3.154ns (Levels of Logic = 2)
  Source:            int_parity_1 (FF)
  Destination:       err (FF)
  Source Clock:      clock rising
  Destination Clock: clock rising

  Data Path: int_parity_1 to err
                                Gate     Net
    Cell:in->out      fanout   Delay   Delay  Logical Name (Net Name)
    ----------------------------------------  ------------
     FDRE:C->Q             2   0.525   1.156  int_parity_1 (int_parity_1)
     LUT6:I1->O            1   0.254   0.910  int_parity[7]_INV_15_o3 (int_parity[7]_INV_15_o3)
     LUT5:I2->O            1   0.235   0.000  int_parity[7]_INV_15_o5 (int_parity[7]_INV_15_o)
     FDR:D                     0.074          err
    ----------------------------------------
    Total                      3.154ns (1.088ns logic, 2.066ns route)
                                       (34.5% logic, 65.5% route)

=========================================================================
Timing constraint: Default OFFSET IN BEFORE for Clock 'clock'
  Total number of paths / destination ports: 379 / 125
-------------------------------------------------------------------------
Offset:              5.826ns (Levels of Logic = 3)
  Source:            pkt_valid (PAD)
  Destination:       dout_0 (FF)
  Destination Clock: clock rising

  Data Path: pkt_valid to dout_0
                                Gate     Net
    Cell:in->out      fanout   Delay   Delay  Logical Name (Net Name)
    ----------------------------------------  ------------
     IBUF:I->O            13   1.328   1.326  pkt_valid_IBUF (pkt_valid_IBUF)
     LUT4:I1->O           10   0.235   1.438  detect_add_data_in[1]_AND_2_o1 (detect_add_data_in[1]_AND_2_o)
     LUT5:I0->O            8   0.254   0.943  _n0123_inv1 (_n0123_inv)
     FDRE:CE                   0.302          dout_0
    ----------------------------------------
    Total                      5.826ns (2.119ns logic, 3.707ns route)
                                       (36.4% logic, 63.6% route)

=========================================================================
Timing constraint: Default OFFSET OUT AFTER for Clock 'clock'
  Total number of paths / destination ports: 11 / 11
-------------------------------------------------------------------------
Offset:              4.240ns (Levels of Logic = 1)
  Source:            parity_done (FF)
  Destination:       parity_done (PAD)
  Source Clock:      clock rising

  Data Path: parity_done to parity_done
                                Gate     Net
    Cell:in->out      fanout   Delay   Delay  Logical Name (Net Name)
    ----------------------------------------  ------------
     FDR:C->Q              4   0.525   0.803  parity_done (parity_done_OBUF)
     OBUF:I->O                 2.912          parity_done_OBUF (parity_done)
    ----------------------------------------
    Total                      4.240ns (3.437ns logic, 0.803ns route)
                                       (81.1% logic, 18.9% route)

=========================================================================

Cross Clock Domains Report:
--------------------------

Clock to Setup on destination clock clock
---------------+---------+---------+---------+---------+
               | Src:Rise| Src:Fall| Src:Rise| Src:Fall|
Source Clock   |Dest:Rise|Dest:Rise|Dest:Fall|Dest:Fall|
---------------+---------+---------+---------+---------+
clock          |    3.154|         |         |         |
---------------+---------+---------+---------+---------+

=========================================================================


Total REAL time to Xst completion: 7.00 secs
Total CPU time to Xst completion: 6.04 secs
 
--> 


Total memory usage is 384636 kilobytes

Number of errors   :    0 (   0 filtered)
Number of warnings :    0 (   0 filtered)
Number of infos    :    0 (   0 filtered)

