Release 14.7 - xst P.20131013 (lin64)
Copyright (c) 1995-2013 Xilinx, Inc.  All rights reserved.
--> 
Parameter TMPDIR set to xst/projnav.tmp


Total REAL time to Xst completion: 0.00 secs
Total CPU time to Xst completion: 0.06 secs
 
--> 
Parameter xsthdpdir set to xst


Total REAL time to Xst completion: 0.00 secs
Total CPU time to Xst completion: 0.06 secs
 
--> 
Reading design: router_sync.prj

TABLE OF CONTENTS
  1) Synthesis Options Summary
  2) HDL Parsing
  3) HDL Elaboration
  4) HDL Synthesis
       4.1) HDL Synthesis Report
  5) Advanced HDL Synthesis
       5.1) Advanced HDL Synthesis Report
  6) Low Level Synthesis
  7) Partition Report
  8) Design Summary
       8.1) Primitive and Black Box Usage
       8.2) Device utilization summary
       8.3) Partition Resource Summary
       8.4) Timing Report
            8.4.1) Clock Information
            8.4.2) Asynchronous Control Signals Information
            8.4.3) Timing Summary
            8.4.4) Timing Details
            8.4.5) Cross Clock Domains Report


=========================================================================
*                      Synthesis Options Summary                        *
=========================================================================
---- Source Parameters
Input File Name                    : "router_sync.prj"
Ignore Synthesis Constraint File   : NO

---- Target Parameters
Output File Name                   : "router_sync"
Output Format                      : NGC
Target Device                      : xc6slx16-2-csg324

---- Source Options
Top Module Name                    : router_sync
Automatic FSM Extraction           : YES
FSM Encoding Algorithm             : Auto
Safe Implementation                : No
FSM Style                          : LUT
RAM Extraction                     : Yes
RAM Style                          : Auto
ROM Extraction                     : Yes
Shift Register Extraction          : YES
ROM Style                          : Auto
Resource Sharing                   : YES
Asynchronous To Synchronous        : NO
Shift Register Minimum Size        : 2
Use DSP Block                      : Auto
Automatic Register Balancing       : No

---- Target Options
LUT Combining                      : Auto
Reduce Control Sets                : Auto
Add IO Buffers                     : YES
Global Maximum Fanout              : 100000
Add Generic Clock Buffer(BUFG)     : 16
Register Duplication               : YES
Optimize Instantiated Primitives   : NO
Use Clock Enable                   : Auto
Use Synchronous Set                : Auto
Use Synchronous Reset              : Auto
Pack IO Registers into IOBs        : Auto
Equivalent register Removal        : YES

---- General Options
Optimization Goal                  : Speed
Optimization Effort                : 1
Power Reduction                    : NO
Keep Hierarchy                     : No
Netlist Hierarchy                  : As_Optimized
RTL Output                         : Yes
Global Optimization                : AllClockNets
Read Cores                         : YES
Write Timing Constraints           : NO
Cross Clock Analysis               : NO
Hierarchy Separator                : /
Bus Delimiter                      : <>
Case Specifier                     : Maintain
Slice Utilization Ratio            : 100
BRAM Utilization Ratio             : 100
DSP48 Utilization Ratio            : 100
Auto BRAM Packing                  : NO
Slice Utilization Ratio Delta      : 5

=========================================================================


=========================================================================
*                          HDL Parsing                                  *
=========================================================================
Analyzing Verilog file "/home/suhaas/Documents/Verilog_labs/Router-1x3-Design/RTL/router_sync.v" into library work
Parsing module <router_sync>.

=========================================================================
*                            HDL Elaboration                            *
=========================================================================

Elaborating module <router_sync>.

=========================================================================
*                           HDL Synthesis                               *
=========================================================================

Synthesizing Unit <router_sync>.
    Related source file is "/home/suhaas/Documents/Verilog_labs/Router-1x3-Design/RTL/router_sync.v".
    Found 1-bit register for signal <fifo_full>.
    Found 3-bit register for signal <write_enb>.
    Found 1-bit register for signal <soft_reset_0>.
    Found 5-bit register for signal <temp0>.
    Found 1-bit register for signal <soft_reset_1>.
    Found 5-bit register for signal <temp1>.
    Found 1-bit register for signal <soft_reset_2>.
    Found 5-bit register for signal <temp2>.
    Found 2-bit register for signal <address>.
    Found 5-bit adder for signal <temp0[4]_GND_1_o_add_13_OUT> created at line 96.
    Found 5-bit adder for signal <temp1[4]_GND_1_o_add_21_OUT> created at line 123.
    Found 5-bit adder for signal <temp2[4]_GND_1_o_add_29_OUT> created at line 150.
    Found 4x3-bit Read Only RAM for signal <address[1]_GND_1_o_wide_mux_8_OUT>
    Found 1-bit 4-to-1 multiplexer for signal <address[1]_GND_1_o_Mux_6_o> created at line 38.
    Summary:
	inferred   1 RAM(s).
	inferred   3 Adder/Subtractor(s).
	inferred  24 D-type flip-flop(s).
	inferred   7 Multiplexer(s).
Unit <router_sync> synthesized.

=========================================================================
HDL Synthesis Report

Macro Statistics
# RAMs                                                 : 1
 4x3-bit single-port Read Only RAM                     : 1
# Adders/Subtractors                                   : 3
 5-bit adder                                           : 3
# Registers                                            : 9
 1-bit register                                        : 4
 2-bit register                                        : 1
 3-bit register                                        : 1
 5-bit register                                        : 3
# Multiplexers                                         : 7
 1-bit 4-to-1 multiplexer                              : 1
 5-bit 2-to-1 multiplexer                              : 6

=========================================================================

=========================================================================
*                       Advanced HDL Synthesis                          *
=========================================================================


Synthesizing (advanced) Unit <router_sync>.
INFO:Xst:3212 - HDL ADVISOR - Asynchronous or synchronous initialization of the register <address> prevents it from being combined with the RAM <Mram_address[1]_GND_1_o_wide_mux_8_OUT> for implementation as read-only block RAM.
    -----------------------------------------------------------------------
    | ram_type           | Distributed                         |          |
    -----------------------------------------------------------------------
    | Port A                                                              |
    |     aspect ratio   | 4-word x 3-bit                      |          |
    |     weA            | connected to signal <GND>           | high     |
    |     addrA          | connected to signal <address>       |          |
    |     diA            | connected to signal <GND>           |          |
    |     doA            | connected to internal node          |          |
    -----------------------------------------------------------------------
INFO:Xst:3231 - The small RAM <Mram_address[1]_GND_1_o_wide_mux_8_OUT> will be implemented on LUTs in order to maximize performance and save block RAM resources. If you want to force its implementation on block, use option/constraint ram_style.
Unit <router_sync> synthesized (advanced).

=========================================================================
Advanced HDL Synthesis Report

Macro Statistics
# RAMs                                                 : 1
 4x3-bit single-port distributed Read Only RAM         : 1
# Adders/Subtractors                                   : 3
 5-bit adder                                           : 3
# Registers                                            : 24
 Flip-Flops                                            : 24
# Multiplexers                                         : 7
 1-bit 4-to-1 multiplexer                              : 1
 5-bit 2-to-1 multiplexer                              : 6

=========================================================================

=========================================================================
*                         Low Level Synthesis                           *
=========================================================================

Optimizing unit <router_sync> ...

Mapping all equations...
Building and optimizing final netlist ...
Found area constraint ratio of 100 (+ 5) on block router_sync, actual ratio is 0.

Final Macro Processing ...

=========================================================================
Final Register Report

Macro Statistics
# Registers                                            : 24
 Flip-Flops                                            : 24

=========================================================================

=========================================================================
*                           Partition Report                            *
=========================================================================

Partition Implementation Status
-------------------------------

  No Partitions were found in this design.

-------------------------------

=========================================================================
*                            Design Summary                             *
=========================================================================

Top Level Output File Name         : router_sync.ngc

Primitive and Black Box Usage:
------------------------------
# BELS                             : 32
#      INV                         : 4
#      LUT2                        : 9
#      LUT4                        : 3
#      LUT5                        : 4
#      LUT6                        : 12
# FlipFlops/Latches                : 24
#      FD                          : 1
#      FDE                         : 3
#      FDR                         : 3
#      FDRE                        : 17
# Clock Buffers                    : 1
#      BUFGP                       : 1
# IO Buffers                       : 24
#      IBUF                        : 14
#      OBUF                        : 10

Device utilization summary:
---------------------------

Selected Device : 6slx16csg324-2 


Slice Logic Utilization: 
 Number of Slice Registers:              24  out of  18224     0%  
 Number of Slice LUTs:                   32  out of   9112     0%  
    Number used as Logic:                32  out of   9112     0%  

Slice Logic Distribution: 
 Number of LUT Flip Flop pairs used:     33
   Number with an unused Flip Flop:       9  out of     33    27%  
   Number with an unused LUT:             1  out of     33     3%  
   Number of fully used LUT-FF pairs:    23  out of     33    69%  
   Number of unique control sets:         7

IO Utilization: 
 Number of IOs:                          25
 Number of bonded IOBs:                  25  out of    232    10%  

Specific Feature Utilization:
 Number of BUFG/BUFGCTRLs:                1  out of     16     6%  

---------------------------
Partition Resource Summary:
---------------------------

  No Partitions were found in this design.

---------------------------


=========================================================================
Timing Report

NOTE: THESE TIMING NUMBERS ARE ONLY A SYNTHESIS ESTIMATE.
      FOR ACCURATE TIMING INFORMATION PLEASE REFER TO THE TRACE REPORT
      GENERATED AFTER PLACE-and-ROUTE.

Clock Information:
------------------
-----------------------------------+------------------------+-------+
Clock Signal                       | Clock buffer(FF name)  | Load  |
-----------------------------------+------------------------+-------+
clock                              | BUFGP                  | 24    |
-----------------------------------+------------------------+-------+

Asynchronous Control Signals Information:
----------------------------------------
No asynchronous control signals found in this design

Timing Summary:
---------------
Speed Grade: -2

   Minimum period: 3.060ns (Maximum Frequency: 326.797MHz)
   Minimum input arrival time before clock: 4.008ns
   Maximum output required time after clock: 4.162ns
   Maximum combinational path delay: 6.119ns

Timing Details:
---------------
All values displayed in nanoseconds (ns)

=========================================================================
Timing constraint: Default period analysis for Clock 'clock'
  Clock period: 3.060ns (frequency: 326.797MHz)
  Total number of paths / destination ports: 89 / 22
-------------------------------------------------------------------------
Delay:               3.060ns (Levels of Logic = 2)
  Source:            temp0_1 (FF)
  Destination:       soft_reset_0 (FF)
  Source Clock:      clock rising
  Destination Clock: clock rising

  Data Path: temp0_1 to soft_reset_0
                                Gate     Net
    Cell:in->out      fanout   Delay   Delay  Logical Name (Net Name)
    ----------------------------------------  ------------
     FDRE:C->Q             5   0.525   1.271  temp0_1 (temp0_1)
     LUT5:I0->O            1   0.254   0.682  temp0[4]_PWR_1_o_equal_13_o<4>1 (temp0[4]_PWR_1_o_equal_13_o)
     LUT4:I3->O            1   0.254   0.000  soft_reset_0_rstpot (soft_reset_0_rstpot)
     FDR:D                     0.074          soft_reset_0
    ----------------------------------------
    Total                      3.060ns (1.107ns logic, 1.953ns route)
                                       (36.2% logic, 63.8% route)

=========================================================================
Timing constraint: Default OFFSET IN BEFORE for Clock 'clock'
  Total number of paths / destination ports: 81 / 61
-------------------------------------------------------------------------
Offset:              4.008ns (Levels of Logic = 2)
  Source:            resetn (PAD)
  Destination:       address_0 (FF)
  Destination Clock: clock rising

  Data Path: resetn to address_0
                                Gate     Net
    Cell:in->out      fanout   Delay   Delay  Logical Name (Net Name)
    ----------------------------------------  ------------
     IBUF:I->O             1   1.328   0.681  resetn_IBUF (resetn_IBUF)
     INV:I->O             20   0.255   1.285  resetn_inv1_INV_0 (resetn_inv)
     FDRE:R                    0.459          address_0
    ----------------------------------------
    Total                      4.008ns (2.042ns logic, 1.966ns route)
                                       (50.9% logic, 49.1% route)

=========================================================================
Timing constraint: Default OFFSET OUT AFTER for Clock 'clock'
  Total number of paths / destination ports: 7 / 7
-------------------------------------------------------------------------
Offset:              4.162ns (Levels of Logic = 1)
  Source:            soft_reset_0 (FF)
  Destination:       soft_reset_0 (PAD)
  Source Clock:      clock rising

  Data Path: soft_reset_0 to soft_reset_0
                                Gate     Net
    Cell:in->out      fanout   Delay   Delay  Logical Name (Net Name)
    ----------------------------------------  ------------
     FDR:C->Q              2   0.525   0.725  soft_reset_0 (soft_reset_0_OBUF)
     OBUF:I->O                 2.912          soft_reset_0_OBUF (soft_reset_0)
    ----------------------------------------
    Total                      4.162ns (3.437ns logic, 0.725ns route)
                                       (82.6% logic, 17.4% route)

=========================================================================
Timing constraint: Default path analysis
  Total number of paths / destination ports: 3 / 3
-------------------------------------------------------------------------
Delay:               6.119ns (Levels of Logic = 3)
  Source:            empty_0 (PAD)
  Destination:       vld_out_0 (PAD)

  Data Path: empty_0 to vld_out_0
                                Gate     Net
    Cell:in->out      fanout   Delay   Delay  Logical Name (Net Name)
    ----------------------------------------  ------------
     IBUF:I->O             8   1.328   0.943  empty_0_IBUF (empty_0_IBUF)
     INV:I->O              1   0.255   0.681  vld_out_01_INV_0 (vld_out_0_OBUF)
     OBUF:I->O                 2.912          vld_out_0_OBUF (vld_out_0)
    ----------------------------------------
    Total                      6.119ns (4.495ns logic, 1.624ns route)
                                       (73.5% logic, 26.5% route)

=========================================================================

Cross Clock Domains Report:
--------------------------

Clock to Setup on destination clock clock
---------------+---------+---------+---------+---------+
               | Src:Rise| Src:Fall| Src:Rise| Src:Fall|
Source Clock   |Dest:Rise|Dest:Rise|Dest:Fall|Dest:Fall|
---------------+---------+---------+---------+---------+
clock          |    3.060|         |         |         |
---------------+---------+---------+---------+---------+

=========================================================================


Total REAL time to Xst completion: 7.00 secs
Total CPU time to Xst completion: 6.67 secs
 
--> 


Total memory usage is 384692 kilobytes

Number of errors   :    0 (   0 filtered)
Number of warnings :    0 (   0 filtered)
Number of infos    :    2 (   0 filtered)

